INFO:exsclaim.pipeline:No exsclaim.json file found, starting a new one.
INFO:exsclaim.pipeline:
        @@@@@@@@@@@@@@@@@@@@@@@@@@@@@@@@@@@@@@@@@@@@@@@@@@@@
        @@@@@@@@@@@@@@@@@@@&   /&@@@(   /@@@@@@@@@@@@@@@@@@@
        @@@@@@@@@@@@@@@ %@@@@@@@@@@@@@@@@@@@ *@@@@@@@@@@@@@@
        @@@@@@@@@@@@ @@@@@@@@@@@@@@,  .@@@@@@@@ *@@@@@@@@@@@
        @@@@@@@@@.#@@@@@@@@@@@@@@@@,    @@@@@@@@@@ @@@@@@@@@
        @@@@@@@&,@@@@@@@@@@@@@@@@@@.    @@@@@@@@@@@@ @@@@@@@
        @@@@@@ @@@@@@@@@@@@@@@@@@@@     @@@@@@@@@@@@@ @@@@@@
        @@@@@ @@@@@@@@@@@@@@@@@@@@@    *@@@@@@@@@@@@@@/@@@@@
        @@@@ @@@@@@@@@@@@@@@@@@@@@@    @@@@@@@@@@@@@@@@,@@@@
        @@@ @@@@@@@@@@@@@@@@@@@@@@&    @@@@@@@@@@@@@@@@@ @@@
        @@@,@@@@@@@@@@@@@@@@@@@@@@*   (@@@@@@@@@@@@@@@@@@%@@
        @@.@@@@@@@@@@@@@@@@@@@@@@@    @@@@@@@@@@@@@@@@@@@ @@
        @@ @@@@@@@@@@@@@@@@@@@@@@@    @@@@@@@@@@@@@@@@@@@ @@
        @@ @@@@@@@@@@@@@@@@@@@@@@/   &@@@@@@@@@@@@@@@@@@@ @@
        @@,@@@@@@@@@@@@@@@@@@@@@@    @@@@@@@@@@@@@@@@@@@@ @@
        @@@.@@@@@@@@@@@@@@@@@@@@&   @@@@@@@@@@@@@@@@@@@@@%@@
        @@@ @@@@@@@@@@@@@@@@@@@@@  /@@@@@@@@@@@@@@@@@@@@ @@@
        @@@@ @@@@@@@@@@@@@@@@@@@@@@@@@@@@@@@@@@@@@@@@@@,@@@@
        @@@@@ @@@@@@@@@@@@@@@@@@@@@@@@@@@@@@@@@@@@@@@@*@@@@@
        @@@@@@ @@@@@@@@@@@@@@@@@@@@@@@@@@@@@@@@@@@@@@ @@@@@@
        @@@@@@@@ @@@@@@@@@@@@    @@@@@@@@@@@@@@@@@@@ @@@@@@@
        @@@@@@@@@.(@@@@@@@@@@     @@@@@@@@@@@@@@@@ @@@@@@@@@
        @@@@@@@@@@@@ @@@@@@@@@#   #@@@@@@@@@@@@ /@@@@@@@@@@@
        @@@@@@@@@@@@@@@ ,@@@@@@@@@@@@@@@@@@@ &@@@@@@@@@@@@@@
        @@@@@@@@@@@@@@@@@@@@   ,%@@&/   (@@@@@@@@@@@@@@@@@@@
        @@@@@@@@@@@@@@@@@@@@@@@@@@@@@@@@@@@@@@@@@@@@@@@@@@@@
        
INFO:exsclaim.figure:using cuda
INFO:exsclaim.tool.JournalScraper:Running Journal Scraper

INFO:exsclaim.journal:GET request: https://www.nature.com/search?q=nano&&&date_range=&journal=&order=relevance
INFO:exsclaim.tool.JournalScraper:>>> (1 of 2) Extracting figures from: s41467-023-38124-1
INFO:exsclaim.journal:7
INFO:exsclaim.tool.JournalScraper:>>> (2 of 2) Extracting figures from: s41467-023-39021-3
INFO:exsclaim.journal:5
INFO:exsclaim.tool.JournalScraper:>>> Time Elapsed: 20.39 sec (2 articles)

INFO:exsclaim.tool.CaptionDistributor:Running Caption Distributor

