INFO:exsclaim.pipeline:No exsclaim.json file found, starting a new one.
INFO:exsclaim.pipeline:
        @@@@@@@@@@@@@@@@@@@@@@@@@@@@@@@@@@@@@@@@@@@@@@@@@@@@
        @@@@@@@@@@@@@@@@@@@&   /&@@@(   /@@@@@@@@@@@@@@@@@@@
        @@@@@@@@@@@@@@@ %@@@@@@@@@@@@@@@@@@@ *@@@@@@@@@@@@@@
        @@@@@@@@@@@@ @@@@@@@@@@@@@@,  .@@@@@@@@ *@@@@@@@@@@@
        @@@@@@@@@.#@@@@@@@@@@@@@@@@,    @@@@@@@@@@ @@@@@@@@@
        @@@@@@@&,@@@@@@@@@@@@@@@@@@.    @@@@@@@@@@@@ @@@@@@@
        @@@@@@ @@@@@@@@@@@@@@@@@@@@     @@@@@@@@@@@@@ @@@@@@
        @@@@@ @@@@@@@@@@@@@@@@@@@@@    *@@@@@@@@@@@@@@/@@@@@
        @@@@ @@@@@@@@@@@@@@@@@@@@@@    @@@@@@@@@@@@@@@@,@@@@
        @@@ @@@@@@@@@@@@@@@@@@@@@@&    @@@@@@@@@@@@@@@@@ @@@
        @@@,@@@@@@@@@@@@@@@@@@@@@@*   (@@@@@@@@@@@@@@@@@@%@@
        @@.@@@@@@@@@@@@@@@@@@@@@@@    @@@@@@@@@@@@@@@@@@@ @@
        @@ @@@@@@@@@@@@@@@@@@@@@@@    @@@@@@@@@@@@@@@@@@@ @@
        @@ @@@@@@@@@@@@@@@@@@@@@@/   &@@@@@@@@@@@@@@@@@@@ @@
        @@,@@@@@@@@@@@@@@@@@@@@@@    @@@@@@@@@@@@@@@@@@@@ @@
        @@@.@@@@@@@@@@@@@@@@@@@@&   @@@@@@@@@@@@@@@@@@@@@%@@
        @@@ @@@@@@@@@@@@@@@@@@@@@  /@@@@@@@@@@@@@@@@@@@@ @@@
        @@@@ @@@@@@@@@@@@@@@@@@@@@@@@@@@@@@@@@@@@@@@@@@,@@@@
        @@@@@ @@@@@@@@@@@@@@@@@@@@@@@@@@@@@@@@@@@@@@@@*@@@@@
        @@@@@@ @@@@@@@@@@@@@@@@@@@@@@@@@@@@@@@@@@@@@@ @@@@@@
        @@@@@@@@ @@@@@@@@@@@@    @@@@@@@@@@@@@@@@@@@ @@@@@@@
        @@@@@@@@@.(@@@@@@@@@@     @@@@@@@@@@@@@@@@ @@@@@@@@@
        @@@@@@@@@@@@ @@@@@@@@@#   #@@@@@@@@@@@@ /@@@@@@@@@@@
        @@@@@@@@@@@@@@@ ,@@@@@@@@@@@@@@@@@@@ &@@@@@@@@@@@@@@
        @@@@@@@@@@@@@@@@@@@@   ,%@@&/   (@@@@@@@@@@@@@@@@@@@
        @@@@@@@@@@@@@@@@@@@@@@@@@@@@@@@@@@@@@@@@@@@@@@@@@@@@
        
INFO:exsclaim.tool.JournalScraper:Running Journal Scraper

INFO:exsclaim.journal:GET request: https://pubs.acs.org/action/doSearch?AllField=nano&pageSize=100&openAccess=18&accessType=openAccess&Earliest=&SeriesKey=&sortBy=
INFO:exsclaim.journal:GET request: https://pubs.acs.org/action/doSearch?AllField=nanoparticle&pageSize=100&openAccess=18&accessType=openAccess&Earliest=&SeriesKey=&sortBy=
INFO:exsclaim.tool.JournalScraper:>>> Time Elapsed: 25.69 sec (0 articles)

INFO:exsclaim.tool.CaptionDistributor:Running Caption Distributor

