INFO:exsclaim.pipeline:No exsclaim.json file found, starting a new one.
INFO:exsclaim.pipeline:
        @@@@@@@@@@@@@@@@@@@@@@@@@@@@@@@@@@@@@@@@@@@@@@@@@@@@
        @@@@@@@@@@@@@@@@@@@&   /&@@@(   /@@@@@@@@@@@@@@@@@@@
        @@@@@@@@@@@@@@@ %@@@@@@@@@@@@@@@@@@@ *@@@@@@@@@@@@@@
        @@@@@@@@@@@@ @@@@@@@@@@@@@@,  .@@@@@@@@ *@@@@@@@@@@@
        @@@@@@@@@.#@@@@@@@@@@@@@@@@,    @@@@@@@@@@ @@@@@@@@@
        @@@@@@@&,@@@@@@@@@@@@@@@@@@.    @@@@@@@@@@@@ @@@@@@@
        @@@@@@ @@@@@@@@@@@@@@@@@@@@     @@@@@@@@@@@@@ @@@@@@
        @@@@@ @@@@@@@@@@@@@@@@@@@@@    *@@@@@@@@@@@@@@/@@@@@
        @@@@ @@@@@@@@@@@@@@@@@@@@@@    @@@@@@@@@@@@@@@@,@@@@
        @@@ @@@@@@@@@@@@@@@@@@@@@@&    @@@@@@@@@@@@@@@@@ @@@
        @@@,@@@@@@@@@@@@@@@@@@@@@@*   (@@@@@@@@@@@@@@@@@@%@@
        @@.@@@@@@@@@@@@@@@@@@@@@@@    @@@@@@@@@@@@@@@@@@@ @@
        @@ @@@@@@@@@@@@@@@@@@@@@@@    @@@@@@@@@@@@@@@@@@@ @@
        @@ @@@@@@@@@@@@@@@@@@@@@@/   &@@@@@@@@@@@@@@@@@@@ @@
        @@,@@@@@@@@@@@@@@@@@@@@@@    @@@@@@@@@@@@@@@@@@@@ @@
        @@@.@@@@@@@@@@@@@@@@@@@@&   @@@@@@@@@@@@@@@@@@@@@%@@
        @@@ @@@@@@@@@@@@@@@@@@@@@  /@@@@@@@@@@@@@@@@@@@@ @@@
        @@@@ @@@@@@@@@@@@@@@@@@@@@@@@@@@@@@@@@@@@@@@@@@,@@@@
        @@@@@ @@@@@@@@@@@@@@@@@@@@@@@@@@@@@@@@@@@@@@@@*@@@@@
        @@@@@@ @@@@@@@@@@@@@@@@@@@@@@@@@@@@@@@@@@@@@@ @@@@@@
        @@@@@@@@ @@@@@@@@@@@@    @@@@@@@@@@@@@@@@@@@ @@@@@@@
        @@@@@@@@@.(@@@@@@@@@@     @@@@@@@@@@@@@@@@ @@@@@@@@@
        @@@@@@@@@@@@ @@@@@@@@@#   #@@@@@@@@@@@@ /@@@@@@@@@@@
        @@@@@@@@@@@@@@@ ,@@@@@@@@@@@@@@@@@@@ &@@@@@@@@@@@@@@
        @@@@@@@@@@@@@@@@@@@@   ,%@@&/   (@@@@@@@@@@@@@@@@@@@
        @@@@@@@@@@@@@@@@@@@@@@@@@@@@@@@@@@@@@@@@@@@@@@@@@@@@
        
INFO:exsclaim.tool.JournalScraper:Running Journal Scraper

INFO:exsclaim.journal:GET request: https://pubs.rsc.org/en/results?searchtext=nano&PageSize=1000&ArticleAccess=Open+Access&DateRange=&Journal=&SortBy=
INFO:exsclaim.tool.JournalScraper:>>> (1 of 2) Extracting figures from: c6tc04456e
INFO:exsclaim.tool.JournalScraper:>>> (2 of 2) Extracting figures from: c7en00985b
INFO:exsclaim.tool.JournalScraper:>>> Time Elapsed: 36.90 sec (2 articles)

INFO:exsclaim.tool.CaptionDistributor:Running Caption Distributor

